android/build/intermediates/manifest_merge_blame_file/release/manifest-merger-blame-release-report.txt
1<?xml version="1.0" encoding="utf-8"?>
2<manifest xmlns:android="http://schemas.android.com/apk/res/android"
3    package="com.reactnativecommunity.webview"
4    android:versionCode="1"
5    android:versionName="1.0" >
6
7    <uses-sdk
8        android:minSdkVersion="16"
8-->src/main/AndroidManifest.xml
9        android:targetSdkVersion="28" />
9-->src/main/AndroidManifest.xml
10
11    <application>
11-->src/main/AndroidManifest.xml:4:3-14:17
12        <provider
12-->src/main/AndroidManifest.xml:5:5-13:16
13            android:name="com.reactnativecommunity.webview.RNCWebViewFileProvider"
13-->src/main/AndroidManifest.xml:6:7-45
14            android:authorities="dollar_openBracket_applicationId_closeBracket.fileprovider"
14-->src/main/AndroidManifest.xml:7:7-58
15            android:exported="false"
15-->src/main/AndroidManifest.xml:8:7-31
16            android:grantUriPermissions="true" >
16-->src/main/AndroidManifest.xml:9:7-41
17            <meta-data
17-->src/main/AndroidManifest.xml:10:7-12:55
18                android:name="android.support.FILE_PROVIDER_PATHS"
18-->src/main/AndroidManifest.xml:11:9-59
19                android:resource="@xml/file_provider_paths" />
19-->src/main/AndroidManifest.xml:12:9-52
20        </provider>
21    </application>
22
23</manifest>